# JRE version: Java(TM) SE Runtime Environment (8.0_31-b13) (build 1.8.0_31-b13)
# Java VM: Java HotSpot(TM) Client VM (25.31-b07 mixed mode windows-x86 )
Heap:
 def new generation   total 4928K, used 907K [0x04800000, 0x04d50000, 0x09d50000)
  eden space 4416K,  14% used [0x04800000, 0x048a4728, 0x04c50000)
  from space 512K,  48% used [0x04cd0000, 0x04d0e8b0, 0x04d50000)
  to   space 512K,   0% used [0x04c50000, 0x04c50000, 0x04cd0000)
 tenured generation   total 10944K, used 4737K [0x09d50000, 0x0a800000, 0x14800000)
   the space 10944K,  43% used [0x09d50000, 0x0a1f0448, 0x0a1f0600, 0x0a800000)
 Metaspace       used 10645K, capacity 10668K, committed 10752K, reserved 11648K
GC Heap History (10 events):
Event: 3.301 GC heap before
{Heap before GC invocations=16 (full 0):
 def new generation   total 4928K, used 4704K [0x04800000, 0x04d50000, 0x09d50000)
  eden space 4416K, 100% used [0x04800000, 0x04c50000, 0x04c50000)
  from space 512K,  56% used [0x04c50000, 0x04c98330, 0x04cd0000)
  to   space 512K,   0% used [0x04cd0000, 0x04cd0000, 0x04d50000)
 tenured generation   total 10944K, used 4328K [0x09d50000, 0x0a800000, 0x14800000)
   the space 10944K,  39% used [0x09d50000, 0x0a18a3d8, 0x0a18a400, 0x0a800000)
 Metaspace       used 9248K, capacity 9292K, committed 9344K, reserved 9600K
Event: 3.304 GC heap after
Heap after GC invocations=17 (full 0):
 def new generation   total 4928K, used 497K [0x04800000, 0x04d50000, 0x09d50000)
  eden space 4416K,   0% used [0x04800000, 0x04800000, 0x04c50000)
  from space 512K,  97% used [0x04cd0000, 0x04d4c4b8, 0x04d50000)
  to   space 512K,   0% used [0x04c50000, 0x04c50000, 0x04cd0000)
 tenured generation   total 10944K, used 4371K [0x09d50000, 0x0a800000, 0x14800000)
   the space 10944K,  39% used [0x09d50000, 0x0a194c10, 0x0a194e00, 0x0a800000)
 Metaspace       used 9248K, capacity 9292K, committed 9344K, reserved 9600K
}
Event: 6.998 GC heap before
{Heap before GC invocations=17 (full 0):
 def new generation   total 4928K, used 4913K [0x04800000, 0x04d50000, 0x09d50000)
  eden space 4416K, 100% used [0x04800000, 0x04c50000, 0x04c50000)
  from space 512K,  97% used [0x04cd0000, 0x04d4c4b8, 0x04d50000)
  to   space 512K,   0% used [0x04c50000, 0x04c50000, 0x04cd0000)
 tenured generation   total 10944K, used 4371K [0x09d50000, 0x0a800000, 0x14800000)
   the space 10944K,  39% used [0x09d50000, 0x0a194c10, 0x0a194e00, 0x0a800000)
 Metaspace       used 9630K, capacity 9676K, committed 9728K, reserved 10624K
Event: 7.001 GC heap after
Heap after GC invocations=18 (full 0):
 def new generation   total 4928K, used 431K [0x04800000, 0x04d50000, 0x09d50000)
  eden space 4416K,   0% used [0x04800000, 0x04800000, 0x04c50000)
  from space 512K,  84% used [0x04c50000, 0x04cbbe50, 0x04cd0000)
  to   space 512K,   0% used [0x04cd0000, 0x04cd0000, 0x04d50000)
 tenured generation   total 10944K, used 4549K [0x09d50000, 0x0a800000, 0x14800000)
   the space 10944K,  41% used [0x09d50000, 0x0a1c1620, 0x0a1c1800, 0x0a800000)
 Metaspace       used 9630K, capacity 9676K, committed 9728K, reserved 10624K
}
Event: 7.129 GC heap before
{Heap before GC invocations=18 (full 0):
 def new generation   total 4928K, used 4847K [0x04800000, 0x04d50000, 0x09d50000)
  eden space 4416K, 100% used [0x04800000, 0x04c50000, 0x04c50000)
  from space 512K,  84% used [0x04c50000, 0x04cbbe50, 0x04cd0000)
  to   space 512K,   0% used [0x04cd0000, 0x04cd0000, 0x04d50000)
 tenured generation   total 10944K, used 4549K [0x09d50000, 0x0a800000, 0x14800000)
   the space 10944K,  41% used [0x09d50000, 0x0a1c1620, 0x0a1c1800, 0x0a800000)
 Metaspace       used 9897K, capacity 9964K, committed 9984K, reserved 10624K
Event: 7.131 GC heap after
Heap after GC invocations=19 (full 0):
 def new generation   total 4928K, used 366K [0x04800000, 0x04d50000, 0x09d50000)
  eden space 4416K,   0% used [0x04800000, 0x04800000, 0x04c50000)
  from space 512K,  71% used [0x04cd0000, 0x04d2b988, 0x04d50000)
  to   space 512K,   0% used [0x04c50000, 0x04c50000, 0x04cd0000)
 tenured generation   total 10944K, used 4639K [0x09d50000, 0x0a800000, 0x14800000)
   the space 10944K,  42% used [0x09d50000, 0x0a1d7d40, 0x0a1d7e00, 0x0a800000)
 Metaspace       used 9897K, capacity 9964K, committed 9984K, reserved 10624K
}
Event: 7.216 GC heap before
{Heap before GC invocations=19 (full 0):
 def new generation   total 4928K, used 4782K [0x04800000, 0x04d50000, 0x09d50000)
  eden space 4416K, 100% used [0x04800000, 0x04c50000, 0x04c50000)
  from space 512K,  71% used [0x04cd0000, 0x04d2b988, 0x04d50000)
  to   space 512K,   0% used [0x04c50000, 0x04c50000, 0x04cd0000)
 tenured generation   total 10944K, used 4639K [0x09d50000, 0x0a800000, 0x14800000)
   the space 10944K,  42% used [0x09d50000, 0x0a1d7d40, 0x0a1d7e00, 0x0a800000)
 Metaspace       used 10163K, capacity 10220K, committed 10240K, reserved 10624K
Event: 7.219 GC heap after
Heap after GC invocations=20 (full 0):
 def new generation   total 4928K, used 368K [0x04800000, 0x04d50000, 0x09d50000)
  eden space 4416K,   0% used [0x04800000, 0x04800000, 0x04c50000)
  from space 512K,  72% used [0x04c50000, 0x04cac308, 0x04cd0000)
  to   space 512K,   0% used [0x04cd0000, 0x04cd0000, 0x04d50000)
 tenured generation   total 10944K, used 4683K [0x09d50000, 0x0a800000, 0x14800000)
   the space 10944K,  42% used [0x09d50000, 0x0a1e2ea8, 0x0a1e3000, 0x0a800000)
 Metaspace       used 10163K, capacity 10220K, committed 10240K, reserved 10624K
}
Event: 9.379 GC heap before
{Heap before GC invocations=20 (full 0):
 def new generation   total 4928K, used 4784K [0x04800000, 0x04d50000, 0x09d50000)
  eden space 4416K, 100% used [0x04800000, 0x04c50000, 0x04c50000)
  from space 512K,  72% used [0x04c50000, 0x04cac308, 0x04cd0000)
  to   space 512K,   0% used [0x04cd0000, 0x04cd0000, 0x04d50000)
 tenured generation   total 10944K, used 4683K [0x09d50000, 0x0a800000, 0x14800000)
   the space 10944K,  42% used [0x09d50000, 0x0a1e2ea8, 0x0a1e3000, 0x0a800000)
 Metaspace       used 10343K, capacity 10380K, committed 10496K, reserved 10624K
Event: 9.381 GC heap after
Heap after GC invocations=21 (full 0):
 def new generation   total 4928K, used 250K [0x04800000, 0x04d50000, 0x09d50000)
  eden space 4416K,   0% used [0x04800000, 0x04800000, 0x04c50000)
  from space 512K,  48% used [0x04cd0000, 0x04d0e8b0, 0x04d50000)
  to   space 512K,   0% used [0x04c50000, 0x04c50000, 0x04cd0000)
 tenured generation   total 10944K, used 4737K [0x09d50000, 0x0a800000, 0x14800000)
   the space 10944K,  43% used [0x09d50000, 0x0a1f0448, 0x0a1f0600, 0x0a800000)
 Metaspace       used 10343K, capacity 10380K, committed 10496K, reserved 10624K
}

